<?xml version="1.0" encoding="UTF-8"?>
<!-- Generated by org.testng.reporters.JUnitReportReporter -->
<testsuite skipped="0" hostname="Vinodh" name="com.testng.com.MyFirstTest" tests="1" failures="0" timestamp="14 Oct 2016 18:00:24 GMT" time="0.034" errors="0">
  <testcase name="f" time="0.034" classname="com.testng.com.MyFirstTest"/>
</testsuite> <!-- com.testng.com.MyFirstTest -->
