<?xml version="1.0" encoding="UTF-8"?>
<!-- Generated by org.testng.reporters.JUnitReportReporter -->
<testsuite hostname="Vinodh" name="com.whiteqa.com.ebaytest" tests="1" failures="0" timestamp="26 Jan 2017 04:07:51 GMT" time="9.812" errors="0">
  <testcase name="function1" time="9.812" classname="com.whiteqa.com.ebaytest"/>
</testsuite> <!-- com.whiteqa.com.ebaytest -->
