<?xml version="1.0" encoding="UTF-8"?>
<!-- Generated by org.testng.reporters.JUnitReportReporter -->
<testsuite hostname="Vinodh" name="com.whiteqa.com.subelements" tests="1" failures="0" timestamp="4 Feb 2017 23:41:49 GMT" time="1.849" errors="0">
  <testcase name="actionclass" time="1.849" classname="com.whiteqa.com.subelements"/>
</testsuite> <!-- com.whiteqa.com.subelements -->
