<?xml version="1.0" encoding="UTF-8"?>
<!-- Generated by org.testng.reporters.JUnitReportReporter -->
<testsuite hostname="Vinodh" name="com.whiteqa.com.paralleltest" tests="2" failures="0" timestamp="7 Jan 2017 02:46:24 GMT" time="19.083" errors="0">
  <testcase name="function2" time="11.486" classname="com.whiteqa.com.paralleltest"/>
  <testcase name="function1" time="7.597" classname="com.whiteqa.com.paralleltest"/>
</testsuite> <!-- com.whiteqa.com.paralleltest -->
