<?xml version="1.0" encoding="UTF-8"?>
<!-- Generated by org.testng.reporters.JUnitReportReporter -->
<testsuite hostname="Vinodh" name="com.whiteqa.com.white" tests="1" failures="0" timestamp="30 Jan 2017 07:15:53 GMT" time="16.095" errors="0">
  <testcase name="function" time="16.095" classname="com.whiteqa.com.white"/>
</testsuite> <!-- com.whiteqa.com.white -->
